<?xml version="1.0" encoding="UTF-8"?>
<testsuite name="com.group.libraryapp.LibraryAppApplicationTests" tests="1" skipped="0" failures="0" errors="0" timestamp="2025-09-27T06:54:17" hostname="yumingiui-MacBookPro.local" time="0.075">
  <properties/>
  <testcase name="contextLoads()" classname="com.group.libraryapp.LibraryAppApplicationTests" time="0.075"/>
  <system-out><![CDATA[15:54:16.569 [Test worker] DEBUG org.springframework.test.context.BootstrapUtils - Instantiating CacheAwareContextLoaderDelegate from class [org.springframework.test.context.cache.DefaultCacheAwareContextLoaderDelegate]
15:54:16.572 [Test worker] DEBUG org.springframework.test.context.BootstrapUtils - Instantiating BootstrapContext using constructor [public org.springframework.test.context.support.DefaultBootstrapContext(java.lang.Class,org.springframework.test.context.CacheAwareContextLoaderDelegate)]
15:54:16.581 [Test worker] DEBUG org.springframework.test.context.BootstrapUtils - Instantiating TestContextBootstrapper for test class [com.group.libraryapp.LibraryAppApplicationTests] from class [org.springframework.boot.test.context.SpringBootTestContextBootstrapper]
15:54:16.584 [Test worker] INFO org.springframework.boot.test.context.SpringBootTestContextBootstrapper - Neither @ContextConfiguration nor @ContextHierarchy found for test class [com.group.libraryapp.LibraryAppApplicationTests], using SpringBootContextLoader
15:54:16.585 [Test worker] DEBUG org.springframework.test.context.support.AbstractContextLoader - Did not detect default resource location for test class [com.group.libraryapp.LibraryAppApplicationTests]: class path resource [com/group/libraryapp/LibraryAppApplicationTests-context.xml] does not exist
15:54:16.585 [Test worker] DEBUG org.springframework.test.context.support.AbstractContextLoader - Did not detect default resource location for test class [com.group.libraryapp.LibraryAppApplicationTests]: class path resource [com/group/libraryapp/LibraryAppApplicationTestsContext.groovy] does not exist
15:54:16.585 [Test worker] INFO org.springframework.test.context.support.AbstractContextLoader - Could not detect default resource locations for test class [com.group.libraryapp.LibraryAppApplicationTests]: no resource found for suffixes {-context.xml, Context.groovy}.
15:54:16.585 [Test worker] INFO org.springframework.test.context.support.AnnotationConfigContextLoaderUtils - Could not detect default configuration classes for test class [com.group.libraryapp.LibraryAppApplicationTests]: LibraryAppApplicationTests does not declare any static, non-private, non-final, nested classes annotated with @Configuration.
15:54:16.594 [Test worker] DEBUG org.springframework.test.context.support.ActiveProfilesUtils - Could not find an 'annotation declaring class' for annotation type [org.springframework.test.context.ActiveProfiles] and class [com.group.libraryapp.LibraryAppApplicationTests]
15:54:16.608 [Test worker] DEBUG org.springframework.context.annotation.ClassPathScanningCandidateComponentProvider - Identified candidate component class: file [/Users/youminki/IdeaProjects/Full_Stack/library-app/build/classes/java/main/com/group/libraryapp/LibraryAppApplication.class]
15:54:16.608 [Test worker] INFO org.springframework.boot.test.context.SpringBootTestContextBootstrapper - Found @SpringBootConfiguration com.group.libraryapp.LibraryAppApplication for test class com.group.libraryapp.LibraryAppApplicationTests
15:54:16.627 [Test worker] DEBUG org.springframework.boot.test.context.SpringBootTestContextBootstrapper - @TestExecutionListeners is not present for class [com.group.libraryapp.LibraryAppApplicationTests]: using defaults.
15:54:16.627 [Test worker] INFO org.springframework.boot.test.context.SpringBootTestContextBootstrapper - Loaded default TestExecutionListener class names from location [META-INF/spring.factories]: [org.springframework.boot.test.autoconfigure.restdocs.RestDocsTestExecutionListener, org.springframework.boot.test.autoconfigure.web.client.MockRestServiceServerResetTestExecutionListener, org.springframework.boot.test.autoconfigure.web.servlet.MockMvcPrintOnlyOnFailureTestExecutionListener, org.springframework.boot.test.autoconfigure.web.servlet.WebDriverTestExecutionListener, org.springframework.boot.test.autoconfigure.webservices.client.MockWebServiceServerTestExecutionListener, org.springframework.boot.test.mock.mockito.MockitoTestExecutionListener, org.springframework.boot.test.mock.mockito.ResetMocksTestExecutionListener, org.springframework.test.context.web.ServletTestExecutionListener, org.springframework.test.context.support.DirtiesContextBeforeModesTestExecutionListener, org.springframework.test.context.event.ApplicationEventsTestExecutionListener, org.springframework.test.context.support.DependencyInjectionTestExecutionListener, org.springframework.test.context.support.DirtiesContextTestExecutionListener, org.springframework.test.context.transaction.TransactionalTestExecutionListener, org.springframework.test.context.jdbc.SqlScriptsTestExecutionListener, org.springframework.test.context.event.EventPublishingTestExecutionListener]
15:54:16.631 [Test worker] INFO org.springframework.boot.test.context.SpringBootTestContextBootstrapper - Using TestExecutionListeners: [org.springframework.test.context.web.ServletTestExecutionListener@5b43fbf6, org.springframework.test.context.support.DirtiesContextBeforeModesTestExecutionListener@1080b026, org.springframework.test.context.event.ApplicationEventsTestExecutionListener@58ebfd03, org.springframework.boot.test.mock.mockito.MockitoTestExecutionListener@5b07730f, org.springframework.boot.test.autoconfigure.SpringBootDependencyInjectionTestExecutionListener@1fdfafd2, org.springframework.test.context.support.DirtiesContextTestExecutionListener@a4b2d8f, org.springframework.test.context.transaction.TransactionalTestExecutionListener@dcfda20, org.springframework.test.context.jdbc.SqlScriptsTestExecutionListener@6d304f9d, org.springframework.test.context.event.EventPublishingTestExecutionListener@f73dcd6, org.springframework.boot.test.autoconfigure.restdocs.RestDocsTestExecutionListener@5c87bfe2, org.springframework.boot.test.autoconfigure.web.client.MockRestServiceServerResetTestExecutionListener@2fea7088, org.springframework.boot.test.autoconfigure.web.servlet.MockMvcPrintOnlyOnFailureTestExecutionListener@40499e4f, org.springframework.boot.test.autoconfigure.web.servlet.WebDriverTestExecutionListener@51cd7ffc, org.springframework.boot.test.autoconfigure.webservices.client.MockWebServiceServerTestExecutionListener@30d4b288, org.springframework.boot.test.mock.mockito.ResetMocksTestExecutionListener@4cc6fa2a]
15:54:16.632 [Test worker] DEBUG org.springframework.test.context.support.AbstractDirtiesContextTestExecutionListener - Before test class: context [DefaultTestContext@3b220bcb testClass = LibraryAppApplicationTests, testInstance = [null], testMethod = [null], testException = [null], mergedContextConfiguration = [WebMergedContextConfiguration@2b95e48b testClass = LibraryAppApplicationTests, locations = '{}', classes = '{class com.group.libraryapp.LibraryAppApplication}', contextInitializerClasses = '[]', activeProfiles = '{}', propertySourceLocations = '{}', propertySourceProperties = '{org.springframework.boot.test.context.SpringBootTestContextBootstrapper=true}', contextCustomizers = set[org.springframework.boot.test.autoconfigure.actuate.metrics.MetricsExportContextCustomizerFactory$DisableMetricExportContextCustomizer@4241e0f4, org.springframework.boot.test.autoconfigure.properties.PropertyMappingContextCustomizer@0, org.springframework.boot.test.autoconfigure.web.servlet.WebDriverContextCustomizerFactory$Customizer@d771cc9, org.springframework.boot.test.context.filter.ExcludeFilterContextCustomizer@1583741e, org.springframework.boot.test.json.DuplicateJsonObjectContextCustomizerFactory$DuplicateJsonObjectContextCustomizer@2e48362c, org.springframework.boot.test.mock.mockito.MockitoContextCustomizer@0, org.springframework.boot.test.web.client.TestRestTemplateContextCustomizer@68df9280, org.springframework.boot.test.context.SpringBootTestArgs@1, org.springframework.boot.test.context.SpringBootTestWebEnvironment@45b4c3a9], resourceBasePath = 'src/main/webapp', contextLoader = 'org.springframework.boot.test.context.SpringBootContextLoader', parent = [null]], attributes = map['org.springframework.test.context.web.ServletTestExecutionListener.activateListener' -> true]], class annotated with @DirtiesContext [false] with mode [null].

  .   ____          _            __ _ _
 /\\ / ___'_ __ _ _(_)_ __  __ _ \ \ \ \
( ( )\___ | '_ | '_| | '_ \/ _` | \ \ \ \
 \\/  ___)| |_)| | | | | || (_| |  ) ) ) )
  '  |____| .__|_| |_|_| |_\__, | / / / /
 =========|_|==============|___/=/_/_/_/
 :: Spring Boot ::                (v2.7.6)

2025-09-27 15:54:16.704  INFO 49594 --- [    Test worker] c.g.l.LibraryAppApplicationTests         : Starting LibraryAppApplicationTests using Java 17.0.16 on yumingiui-MacBookPro.local with PID 49594 (started by youminki in /Users/youminki/IdeaProjects/Full_Stack/library-app)
2025-09-27 15:54:16.704  INFO 49594 --- [    Test worker] c.g.l.LibraryAppApplicationTests         : No active profile set, falling back to 1 default profile: "default"
2025-09-27 15:54:16.850  INFO 49594 --- [    Test worker] .s.d.r.c.RepositoryConfigurationDelegate : Bootstrapping Spring Data JPA repositories in DEFAULT mode.
2025-09-27 15:54:16.853  INFO 49594 --- [    Test worker] .s.d.r.c.RepositoryConfigurationDelegate : Finished Spring Data repository scanning in 1 ms. Found 0 JPA repository interfaces.
2025-09-27 15:54:16.978  INFO 49594 --- [    Test worker] com.zaxxer.hikari.HikariDataSource       : HikariPool-1 - Starting...
2025-09-27 15:54:17.035  INFO 49594 --- [    Test worker] com.zaxxer.hikari.HikariDataSource       : HikariPool-1 - Start completed.
2025-09-27 15:54:17.054  INFO 49594 --- [    Test worker] o.hibernate.jpa.internal.util.LogHelper  : HHH000204: Processing PersistenceUnitInfo [name: default]
2025-09-27 15:54:17.071  INFO 49594 --- [    Test worker] org.hibernate.Version                    : HHH000412: Hibernate ORM core version 5.6.14.Final
2025-09-27 15:54:17.117  INFO 49594 --- [    Test worker] o.hibernate.annotations.common.Version   : HCANN000001: Hibernate Commons Annotations {5.1.2.Final}
2025-09-27 15:54:17.152  INFO 49594 --- [    Test worker] org.hibernate.dialect.Dialect            : HHH000400: Using dialect: org.hibernate.dialect.H2Dialect
2025-09-27 15:54:17.205  INFO 49594 --- [    Test worker] o.h.e.t.j.p.i.JtaPlatformInitiator       : HHH000490: Using JtaPlatform implementation: [org.hibernate.engine.transaction.jta.platform.internal.NoJtaPlatform]
2025-09-27 15:54:17.207  INFO 49594 --- [    Test worker] j.LocalContainerEntityManagerFactoryBean : Initialized JPA EntityManagerFactory for persistence unit 'default'
2025-09-27 15:54:17.274  WARN 49594 --- [    Test worker] JpaBaseConfiguration$JpaWebConfiguration : spring.jpa.open-in-view is enabled by default. Therefore, database queries may be performed during view rendering. Explicitly configure spring.jpa.open-in-view to disable this warning
2025-09-27 15:54:17.427  INFO 49594 --- [    Test worker] c.g.l.LibraryAppApplicationTests         : Started LibraryAppApplicationTests in 0.785 seconds (JVM running for 1.062)
]]></system-out>
  <system-err><![CDATA[]]></system-err>
</testsuite>
